\BOOKMARK [1][-]{section.1}{Links}{}% 1
\BOOKMARK [1][-]{section.2}{Tutorial}{}% 2
\BOOKMARK [1][-]{section.3}{What is Dialogue Editor?}{}% 3
\BOOKMARK [1][-]{section.4}{Editor Window}{}% 4
\BOOKMARK [2][-]{subsection.4.1}{Intro}{section.4}% 5
\BOOKMARK [2][-]{subsection.4.2}{Creating a Conversation Object}{section.4}% 6
\BOOKMARK [2][-]{subsection.4.3}{Opening the Editor Window}{section.4}% 7
\BOOKMARK [2][-]{subsection.4.4}{Speech Nodes}{section.4}% 8
\BOOKMARK [2][-]{subsection.4.5}{Option Nodes}{section.4}% 9
\BOOKMARK [2][-]{subsection.4.6}{Creating Nodes}{section.4}% 10
\BOOKMARK [2][-]{subsection.4.7}{Connecting Nodes}{section.4}% 11
\BOOKMARK [2][-]{subsection.4.8}{Deleting Nodes and Connections}{section.4}% 12
\BOOKMARK [2][-]{subsection.4.9}{Parameters and Conditions}{section.4}% 13
\BOOKMARK [3][-]{subsubsection.4.9.1}{Adding Parameters}{subsection.4.9}% 14
\BOOKMARK [3][-]{subsubsection.4.9.2}{Adding Conditions}{subsection.4.9}% 15
\BOOKMARK [3][-]{subsubsection.4.9.3}{Setting Parameter Values}{subsection.4.9}% 16
\BOOKMARK [1][-]{section.5}{Conversation Manager}{}% 17
\BOOKMARK [1][-]{section.6}{Triggering a Conversation}{}% 18
\BOOKMARK [1][-]{section.7}{Custom Input}{}% 19
\BOOKMARK [1][-]{section.8}{Callbacks}{}% 20
\BOOKMARK [1][-]{section.9}{Conversation Datastructure}{}% 21
